Arguments: 
  C:\Program Files\nodejs\node.exe C:\Program Files\nodejs\node_modules\yarn\bin\yarn.js init

PATH: 
  C:\Users\Miracle\bin;C:\Program Files\Git\mingw64\bin;C:\Program Files\Git\usr\local\bin;C:\Program Files\Git\usr\bin;C:\Program Files\Git\usr\bin;C:\Program Files\Git\mingw64\bin;C:\Program Files\Git\usr\bin;C:\Users\Miracle\bin;C:\Program Files\Common Files\Oracle\Java\javapath;C:\Program Files (x86)\Microsoft SDKs\Azure\CLI2\wbin;C:\Program Files\Amazon Corretto\jdk11.0.7_10\bin;C:\WINDOWS\system32;C:\WINDOWS;C:\WINDOWS\System32\Wbem;C:\WINDOWS\System32\WindowsPowerShell\v1.0;C:\WINDOWS\System32\OpenSSH;%NVM_HOME%;%NVM_SYMLINK%;C:\Program Files\Git\cmd;C:\ProgramData\chocolatey\bin;C:\Users\Miracle\.windows-build-tools\python27;C:\Users\Miracle\AppData\Local\Programs\Python\Python39\Scripts;C:\Users\Miracle\AppData\Local\Programs\Python\Python39;C:\Users\Miracle\AppData\Local\Programs\Python\Python38\Scripts;C:\Users\Miracle\AppData\Local\Programs\Python\Python38;C:\Users\Miracle\AppData\Local\Microsoft\WindowsApps;C:\Users\Miracle\AppData\Roaming\nvm;C:\Program Files\nodejs;C:\Users\Miracle\AppData\Local\Programs\Microsoft VS Code\bin;C:\Program Files\heroku\bin;C:\Users\Miracle\AppData\Local\GitHubDesktop\bin;C:\Program Files\Git\usr\bin\vendor_perl;C:\Program Files\Git\usr\bin\core_perl

Yarn version: 
  1.22.10

Node version: 
  14.15.4

Platform: 
  win32 x64

Trace: 
  Error: Can't answer a question unless a user TTY
      at ConsoleReporter.question (C:\Users\Miracle\AppData\Roaming\nvm\v14.15.4\node_modules\yarn\lib\cli.js:96361:59)
      at Object.<anonymous> (C:\Users\Miracle\AppData\Roaming\nvm\v14.15.4\node_modules\yarn\lib\cli.js:88636:38)
      at Generator.next (<anonymous>)
      at step (C:\Users\Miracle\AppData\Roaming\nvm\v14.15.4\node_modules\yarn\lib\cli.js:310:30)
      at C:\Users\Miracle\AppData\Roaming\nvm\v14.15.4\node_modules\yarn\lib\cli.js:321:13

npm manifest: 
  No manifest

yarn manifest: 
  No manifest

Lockfile: 
  No lockfile
